<?xml version="1.0" encoding="UTF-8"?>
<!-- Generated by org.testng.reporters.JUnitReportReporter -->
<testsuite hostname="LAPTOP-ME59NCKV" failures="0" tests="1" name="contactTest.ToCreateContactWithChildTest" time="20.839" errors="0" timestamp="2025-02-10T11:24:52 IST" skipped="0">
  <testcase classname="contactTest.ToCreateContactWithChildTest" name="toCreateContactChild_005" time="20.839"/>
  <system-out>
    <![CDATA[[ CON65 ] TILAK - Contact Information--------------passed]]>
  </system-out>
</testsuite> <!-- contactTest.ToCreateContactWithChildTest -->
