<?xml version="1.0" encoding="UTF-8"?>
<!-- Generated by org.testng.reporters.JUnitReportReporter -->
<testsuite hostname="LAPTOP-ME59NCKV" failures="0" tests="1" name="organizationTest.ToOrganizationDropDown2Test" time="17.399" errors="0" timestamp="2025-02-10T11:24:52 IST" skipped="0">
  <testcase classname="organizationTest.ToOrganizationDropDown2Test" name="toCreateOrganizationDropDown2" time="17.399"/>
  <system-out>
    <![CDATA[--------------passed]]>
  </system-out>
</testsuite> <!-- organizationTest.ToOrganizationDropDown2Test -->
