<?xml version="1.0" encoding="UTF-8"?>
<!-- Generated by org.testng.reporters.JUnitReportReporter -->
<testsuite hostname="LAPTOP-ME59NCKV" failures="0" tests="1" name="organizationTest.ToOrganizationTest" time="17.265" errors="0" timestamp="2025-02-10T11:24:52 IST" skipped="0">
  <testcase classname="organizationTest.ToOrganizationTest" name="toCreateOrganization_002" time="17.265"/>
  <system-out>
    <![CDATA[[ ACC81 ] Mesho172 - Organization Information--------------passed]]>
  </system-out>
</testsuite> <!-- organizationTest.ToOrganizationTest -->
