<?xml version="1.0" encoding="UTF-8"?>
<!-- Generated by org.testng.reporters.JUnitReportReporter -->
<testsuite hostname="LAPTOP-ME59NCKV" failures="0" tests="1" name="organizationTest.ToOrganizationDropDownTest" time="17.500" errors="0" timestamp="2025-02-10T11:24:52 IST" skipped="0">
  <testcase classname="organizationTest.ToOrganizationDropDownTest" name="ToCreateOrganizationDropDown" time="17.500"/>
  <system-out>
    <![CDATA[[ ACC82 ] Mesho161 - Organization Information--------------passed]]>
  </system-out>
</testsuite> <!-- organizationTest.ToOrganizationDropDownTest -->
